0 info it worked if it ends with ok
1 verbose cli [ 'nodejs', '/usr/bin/npm', 'install', 'sublime', 'package' ]
2 info using npm@1.2.2
3 info using node@v0.8.18
4 verbose read json /home/ghooton/olinjs-4-hw/package.json
5 verbose read json /home/ghooton/olinjs-4-hw/node_modules/mongodb/package.json
6 verbose read json /home/ghooton/olinjs-4-hw/node_modules/mongoose/package.json
7 verbose read json /home/ghooton/olinjs-4-hw/node_modules/jade/package.json
8 verbose read json /home/ghooton/olinjs-4-hw/node_modules/express/package.json
9 verbose from cache /home/ghooton/olinjs-4-hw/package.json
10 verbose readDependencies using package.json deps
11 verbose cache add [ 'sublime', null ]
12 verbose cache add name=undefined spec="sublime" args=["sublime",null]
13 verbose parsed url { pathname: 'sublime', path: 'sublime', href: 'sublime' }
14 verbose cache add [ 'package', null ]
15 verbose cache add name=undefined spec="package" args=["package",null]
16 verbose parsed url { pathname: 'package', path: 'package', href: 'package' }
17 silly lockFile 1a5813dc-sublime sublime
18 verbose lock sublime /home/ghooton/.npm/1a5813dc-sublime.lock
19 silly lockFile 582681c2-package package
20 verbose lock package /home/ghooton/.npm/582681c2-package.lock
21 silly lockFile 582681c2-package package
22 silly lockFile 1a5813dc-sublime sublime
23 verbose addNamed [ 'package', '' ]
24 verbose addNamed [ null, '' ]
25 silly lockFile 10b9899d-package package@
26 verbose lock package@ /home/ghooton/.npm/10b9899d-package.lock
27 verbose addNamed [ 'sublime', '' ]
28 verbose addNamed [ null, '' ]
29 silly lockFile 0a71017e-sublime sublime@
30 verbose lock sublime@ /home/ghooton/.npm/0a71017e-sublime.lock
31 silly addNameRange { name: 'package', range: '', hasData: false }
32 silly addNameRange { name: 'sublime', range: '', hasData: false }
33 verbose url raw package
34 verbose url resolving [ 'https://registry.npmjs.org/', './package' ]
35 verbose url resolved https://registry.npmjs.org/package
36 info trying registry request attempt 1 at 21:23:30
37 http GET https://registry.npmjs.org/package
38 verbose url raw sublime
39 verbose url resolving [ 'https://registry.npmjs.org/', './sublime' ]
40 verbose url resolved https://registry.npmjs.org/sublime
41 info trying registry request attempt 1 at 21:23:30
42 http GET https://registry.npmjs.org/sublime
43 http 200 https://registry.npmjs.org/package
44 silly registry.get cb [ 200,
44 silly registry.get   { vary: 'Accept',
44 silly registry.get     server: 'CouchDB/1.2.1 (Erlang OTP/R15B)',
44 silly registry.get     etag: '"C11K7GUGFFCZY73W9HY1PEOKH"',
44 silly registry.get     date: 'Mon, 18 Feb 2013 02:23:31 GMT',
44 silly registry.get     'content-type': 'application/json',
44 silly registry.get     'content-length': '6155' } ]
45 silly addNameRange number 2 { name: 'package', range: '', hasData: true }
46 silly addNameRange versions [ 'package', [ '0.0.1', '0.0.3', '1.0.0', '1.0.1' ] ]
47 verbose addNamed [ 'package', '1.0.1' ]
48 verbose addNamed [ '1.0.1', '1.0.1' ]
49 silly lockFile f209d97f-package-1-0-1 package@1.0.1
50 verbose lock package@1.0.1 /home/ghooton/.npm/f209d97f-package-1-0-1.lock
51 silly lockFile 549e4784-js-org-package-package-1-0-1-tgz https://registry.npmjs.org/package/-/package-1.0.1.tgz
52 verbose lock https://registry.npmjs.org/package/-/package-1.0.1.tgz /home/ghooton/.npm/549e4784-js-org-package-package-1-0-1-tgz.lock
53 verbose addRemoteTarball [ 'https://registry.npmjs.org/package/-/package-1.0.1.tgz',
53 verbose addRemoteTarball   'd25a1f99e2506dcb27d6704b83dca8a312e4edcc' ]
54 info retry fetch attempt 1 at 21:23:30
55 verbose fetch to= /home/ghooton/tmp/npm-7565/1361154210919-0.2582045665476471/tmp.tgz
56 http GET https://registry.npmjs.org/package/-/package-1.0.1.tgz
57 http 404 https://registry.npmjs.org/sublime
58 silly registry.get cb [ 404,
58 silly registry.get   { server: 'CouchDB/1.2.1 (Erlang OTP/R15B)',
58 silly registry.get     date: 'Mon, 18 Feb 2013 02:23:31 GMT',
58 silly registry.get     'content-type': 'application/json',
58 silly registry.get     'content-length': '52',
58 silly registry.get     'cache-control': 'must-revalidate' } ]
59 silly lockFile 0a71017e-sublime sublime@
60 error 404 'sublime' is not in the npm registry.
60 error 404 You should bug the author to publish it
60 error 404
60 error 404 Note that you can also install from a
60 error 404 tarball, folder, or http url, or git url.
61 error System Linux 3.2.0-37-generic
62 error command "nodejs" "/usr/bin/npm" "install" "sublime" "package"
63 error cwd /home/ghooton/olinjs-4-hw
64 error node -v v0.8.18
65 error npm -v 1.2.2
66 error code E404
67 verbose exit [ 1, true ]
